
20221109	15:54:12	4fb36f45-7e72-4c80-b70f-e2d0be914e24	GET	/	undefined
20221109	15:54:12	cce9d5be-0992-41c8-9fa6-bd24fc490d2a	GET	/css/style.css	undefined
20221109	15:54:13	93d62033-27a7-4035-9f27-5dd5c0131731	GET	/favicon.ico	undefined
20221109	22:47:40	8a094267-0886-47c8-9ddb-b4ce6a940dde	GET	/users	undefined
20221109	22:49:20	74890aea-c158-4ce9-9f5b-4e87a6e8583c	GET	/users	undefined
20221109	22:54:36	c3e8fd67-6dbe-40c4-bb29-a6f3aea56f5d	POST	/users	undefined
20221109	22:56:06	e80e30ab-8d96-4159-ad63-125f124c2069	POST	/users	undefined
20221109	22:57:59	0121b432-9639-4807-a22f-a867f97db9ce	POST	/users	undefined
20221109	22:58:01	73935f8a-b6e8-4ffc-a55d-d2fe10394bfc	POST	/users	undefined
20221109	23:00:58	b57cf0bb-3228-4ec9-ae63-9c7aa82bfb7d	POST	/users	undefined
20221109	23:01:23	09742359-20c5-49a4-b993-9455b21a85ca	GET	/users	undefined
20221109	23:03:28	91cbf7b5-8035-4fdd-ac2f-1c0062388bd2	POST	/users	undefined
20221109	23:03:49	5889218d-3243-4ac4-a311-f9c9809b190d	POST	/users	undefined
20221109	23:04:01	c648b069-c508-42e3-b139-236b3a34d33b	POST	/users	undefined
20221109	23:04:15	235f9947-8bba-4535-9e64-8cd0360583e6	POST	/users	undefined
20221109	23:04:35	83ca6a80-b2d0-417e-9724-f69b8b441a96	POST	/users	undefined
20221109	23:04:54	a50f865e-318b-4dc0-9eca-f90a15b64b8f	POST	/users	undefined
20221109	23:05:38	186f66b3-3f60-435c-95f1-e2f10bf20be9	POST	/users	undefined
20221109	23:05:45	fb8ea3ca-f067-426a-8b42-8eaa9037077c	GET	/users	undefined
20221109	23:08:00	62bebaf2-cf4b-430a-9846-ac4b0a8a838e	POST	/users	undefined
20221109	23:08:06	b4d0b236-f832-46a2-8d2f-0b6c6c391d8c	GET	/users	undefined
20221109	23:08:51	9dda582e-1c18-4fe1-ab33-01a0be4d0c26	GET	/users	undefined
20221109	23:08:59	d7a909ac-04fc-4aa1-936b-807c02f56eb8	POST	/users	undefined
20221109	23:09:04	cb900055-0338-4a11-be93-27a1befdcd55	GET	/users	undefined
20221109	23:14:29	414f76fb-8a7a-430d-8a37-5d840d109610	PATCH	/users	undefined
20221109	23:15:35	a928d3c2-2741-4dfd-a7dc-2c0a8166a3ea	PATCH	/users	undefined
20221109	23:15:52	059b679c-ba04-4bef-90f2-473cef85ba3d	PATCH	/users	undefined
20221109	23:16:19	3c3b0b69-01c7-4e70-a0ec-54b3384b0e43	GET	/users	undefined
20221109	23:18:11	6f22ee18-7a36-459c-86e9-e56fd446894d	PATCH	/users	undefined
20221109	23:20:02	1ecf3b71-1cbe-4a80-9170-69ceb3148454	PATCH	/users	undefined
20221109	23:20:12	4bf73c77-c8ae-4de6-a898-cebc2108d9b5	GET	/users	undefined
20221109	23:20:43	1c66a4db-28b3-4861-b605-275e7802447b	PATCH	/users	undefined
20221109	23:21:43	7f3933f6-48ce-4ae2-8f96-023f7510fe5d	PATCH	/users	undefined
20221109	23:22:50	8946350c-2528-4023-868c-61419247203e	PATCH	/users	undefined
20221109	23:24:16	7fc655de-11a6-4dd4-aaaf-ce3a8f3cd82a	PATCH	/users	undefined
20221109	23:25:02	53f816c4-409e-4a41-a2a7-331e9ac87ff6	GET	/users	undefined
20221109	23:25:06	ef1b224c-470f-458e-b73a-cf238d6e407f	PATCH	/users	undefined
20221109	23:27:54	99adec6c-3213-4e70-92ba-b283ae89d03b	POST	/users	undefined
20221109	23:28:00	17ed7223-7b8c-40e1-a33e-b860b51dc37f	GET	/users	undefined
20221109	23:28:56	0bcf56fa-c09d-492a-8403-021ae5a32b6d	PATCH	/users	undefined
20221109	23:30:03	32395ab8-87f1-4c9a-ba0d-f63ff4a4fad8	PATCH	/users	undefined
20221109	23:32:36	d654c4bd-68a2-49df-8ea6-51e307cffdc4	PATCH	/users	undefined
20221109	23:32:37	98bc0ce9-a324-4ac8-973e-5a6f1a6090c0	PATCH	/users	undefined
20221109	23:32:38	905ba3db-e15d-49cc-9866-7ec0f17920c6	PATCH	/users	undefined
20221109	23:32:39	35eb84b2-1cad-4cd0-a678-f2382ce0c2ef	PATCH	/users	undefined
20221109	23:32:54	ebb8b60b-0d6b-456a-b6cc-fb5287994728	PATCH	/users	undefined
20221109	23:33:00	7f65fdff-9d60-4af5-b024-4483e703fd4c	GET	/users	undefined
20221109	23:33:22	dadc7aa8-c016-4646-ae0c-76f547b5277d	PATCH	/users	undefined
20221109	23:33:29	34dfffe9-49e8-4ca8-9f0e-2e85761cad3e	GET	/users	undefined
20221109	23:33:47	13f01942-1464-42a0-abf9-74cad4cd390a	PATCH	/users	undefined
